  cell.cpp
  date.cpp
  fractionalNumber.cpp
  integerNumber.cpp
  main.cpp
  row.cpp
d:\c++ projects\oop_spreadsheet_application\oop_spreadsheet_application\row.cpp(9): warning C4018: '<': signed/unsigned mismatch
d:\c++ projects\oop_spreadsheet_application\oop_spreadsheet_application\row.cpp(19): warning C4018: '<': signed/unsigned mismatch
d:\c++ projects\oop_spreadsheet_application\oop_spreadsheet_application\row.cpp(66): warning C4018: '<': signed/unsigned mismatch
d:\c++ projects\oop_spreadsheet_application\oop_spreadsheet_application\row.cpp(97): warning C4018: '>': signed/unsigned mismatch
  rowArr.cpp
d:\c++ projects\oop_spreadsheet_application\oop_spreadsheet_application\rowarr.cpp(11): warning C4018: '<': signed/unsigned mismatch
d:\c++ projects\oop_spreadsheet_application\oop_spreadsheet_application\rowarr.cpp(25): warning C4018: '<': signed/unsigned mismatch
d:\c++ projects\oop_spreadsheet_application\oop_spreadsheet_application\rowarr.cpp(74): warning C4018: '<': signed/unsigned mismatch
d:\c++ projects\oop_spreadsheet_application\oop_spreadsheet_application\rowarr.cpp(82): warning C4018: '<': signed/unsigned mismatch
d:\c++ projects\oop_spreadsheet_application\oop_spreadsheet_application\rowarr.cpp(84): warning C4018: '<': signed/unsigned mismatch
d:\c++ projects\oop_spreadsheet_application\oop_spreadsheet_application\rowarr.cpp(94): warning C4018: '>': signed/unsigned mismatch
d:\c++ projects\oop_spreadsheet_application\oop_spreadsheet_application\rowarr.cpp(108): warning C4018: '<': signed/unsigned mismatch
d:\c++ projects\oop_spreadsheet_application\oop_spreadsheet_application\rowarr.cpp(134): warning C4018: '<': signed/unsigned mismatch
d:\c++ projects\oop_spreadsheet_application\oop_spreadsheet_application\rowarr.cpp(136): warning C4018: '<': signed/unsigned mismatch
d:\c++ projects\oop_spreadsheet_application\oop_spreadsheet_application\rowarr.cpp(154): warning C4018: '<': signed/unsigned mismatch
d:\c++ projects\oop_spreadsheet_application\oop_spreadsheet_application\rowarr.cpp(156): warning C4018: '<': signed/unsigned mismatch
d:\c++ projects\oop_spreadsheet_application\oop_spreadsheet_application\rowarr.cpp(199): warning C4018: '<': signed/unsigned mismatch
d:\c++ projects\oop_spreadsheet_application\oop_spreadsheet_application\rowarr.cpp(210): warning C4018: '<': signed/unsigned mismatch
d:\c++ projects\oop_spreadsheet_application\oop_spreadsheet_application\rowarr.cpp(245): warning C4018: '<': signed/unsigned mismatch
d:\c++ projects\oop_spreadsheet_application\oop_spreadsheet_application\rowarr.cpp(255): warning C4018: '<': signed/unsigned mismatch
  string.cpp
d:\c++ projects\oop_spreadsheet_application\oop_spreadsheet_application\string.cpp(74): warning C4018: '<': signed/unsigned mismatch
  Generating Code...
  OOP_Spreadsheet_Application.vcxproj -> D:\C++ projects\OOP_Spreadsheet_Application\Debug\OOP_Spreadsheet_Application.exe
